<?xml version="1.0" encoding="UTF-8"?>
<robot generator="Robot 4.1.2 (Python 3.8.10 on linux)" generated="20211214 22:14:18.009" rpa="false" schemaversion="2">
<suite id="s1" name="Tokenautomation" source="/home/anis/PycharmProjects/APItokenPage/tokenautomation.robot">
<test id="s1-t1" name="Open Deriv">
<kw name="Login" library="common">
<arg>${my_email}</arg>
<arg>${my_pw}</arg>
<kw name="Open Browser" library="SeleniumLibrary">
<arg>url=https://app.deriv.com</arg>
<arg>browser=chrome</arg>
<doc>Opens a new browser instance to the optional ``url``.</doc>
<msg timestamp="20211214 22:14:18.092" level="INFO">Opening browser 'chrome' to base url 'https://app.deriv.com'.</msg>
<status status="PASS" starttime="20211214 22:14:18.092" endtime="20211214 22:14:26.605"/>
</kw>
<kw name="Maximize Browser Window" library="SeleniumLibrary">
<doc>Maximizes current browser window.</doc>
<status status="PASS" starttime="20211214 22:14:26.605" endtime="20211214 22:14:26.708"/>
</kw>
<kw name="Wait Until Page Does Not Contain Element" library="SeleniumLibrary">
<arg>dt_core_header_acc-info-preloader</arg>
<arg>60</arg>
<doc>Waits until the element ``locator`` disappears from the current page.</doc>
<status status="PASS" starttime="20211214 22:14:26.708" endtime="20211214 22:14:28.404"/>
</kw>
<kw name="Wait Until Page Contains Element" library="SeleniumLibrary">
<arg>${login_btn}</arg>
<arg>60</arg>
<doc>Waits until the element ``locator`` appears on the current page.</doc>
<status status="PASS" starttime="20211214 22:14:28.405" endtime="20211214 22:14:28.422"/>
</kw>
<kw name="Click Element" library="SeleniumLibrary">
<arg>${login_btn}</arg>
<doc>Click the element identified by ``locator``.</doc>
<msg timestamp="20211214 22:14:28.423" level="INFO">Clicking element 'dt_login_button'.</msg>
<status status="PASS" starttime="20211214 22:14:28.423" endtime="20211214 22:14:28.451"/>
</kw>
<kw name="Wait Until Page Contains Element" library="SeleniumLibrary">
<arg>${email_field}</arg>
<arg>15</arg>
<doc>Waits until the element ``locator`` appears on the current page.</doc>
<status status="PASS" starttime="20211214 22:14:28.451" endtime="20211214 22:14:39.243"/>
</kw>
<kw name="Input Text" library="SeleniumLibrary">
<arg>${email_field}</arg>
<arg>${email}</arg>
<doc>Types the given ``text`` into the text field identified by ``locator``.</doc>
<msg timestamp="20211214 22:14:39.243" level="INFO">Typing text 'anis@besquare.com.my' into text field 'name=email'.</msg>
<status status="PASS" starttime="20211214 22:14:39.243" endtime="20211214 22:14:39.293"/>
</kw>
<kw name="Input Text" library="SeleniumLibrary">
<arg>${password_field}</arg>
<arg>${pw}</arg>
<doc>Types the given ``text`` into the text field identified by ``locator``.</doc>
<msg timestamp="20211214 22:14:39.293" level="INFO">Typing text 'Beffwenz#anis9824' into text field '//*[@type="password"]'.</msg>
<status status="PASS" starttime="20211214 22:14:39.293" endtime="20211214 22:14:39.344"/>
</kw>
<kw name="Click Element" library="SeleniumLibrary">
<arg>${login_oauth_btn}</arg>
<doc>Click the element identified by ``locator``.</doc>
<msg timestamp="20211214 22:14:39.344" level="INFO">Clicking element '//*[text()="Log in"]'.</msg>
<status status="PASS" starttime="20211214 22:14:39.344" endtime="20211214 22:16:38.261"/>
</kw>
<status status="PASS" starttime="20211214 22:14:18.092" endtime="20211214 22:16:38.261"/>
</kw>
<kw name="AccountSettings" library="common">
<kw name="Wait Until Page Does Not Contain Element" library="SeleniumLibrary">
<arg>dt_core_header_acc-info-preloader</arg>
<arg>60</arg>
<doc>Waits until the element ``locator`` disappears from the current page.</doc>
<status status="PASS" starttime="20211214 22:16:38.261" endtime="20211214 22:16:38.270"/>
</kw>
<kw name="Click Element" library="SeleniumLibrary">
<arg>//*[@id="dt_core_header_acc-info-container"]</arg>
<doc>Click the element identified by ``locator``.</doc>
<msg timestamp="20211214 22:16:38.271" level="INFO">Clicking element '//*[@id="dt_core_header_acc-info-container"]'.</msg>
<status status="PASS" starttime="20211214 22:16:38.271" endtime="20211214 22:16:38.351"/>
</kw>
<kw name="Click Element" library="SeleniumLibrary">
<arg>//*[@id="dt_core_header_acc-info-container"]/div[2]/div/div</arg>
<doc>Click the element identified by ``locator``.</doc>
<msg timestamp="20211214 22:16:38.351" level="INFO">Clicking element '//*[@id="dt_core_header_acc-info-container"]/div[2]/div/div'.</msg>
<status status="PASS" starttime="20211214 22:16:38.351" endtime="20211214 22:16:38.487"/>
</kw>
<status status="PASS" starttime="20211214 22:16:38.261" endtime="20211214 22:16:38.487"/>
</kw>
<kw name="TokenMenu" library="common">
<kw name="Sleep" library="BuiltIn">
<arg>3</arg>
<doc>Pauses the test executed for the given time.</doc>
<msg timestamp="20211214 22:16:41.488" level="INFO">Slept 3 seconds</msg>
<status status="PASS" starttime="20211214 22:16:38.487" endtime="20211214 22:16:41.488"/>
</kw>
<kw name="Wait Until Page Contains Element" library="SeleniumLibrary">
<arg>//*[@id="/account/api-token"]</arg>
<doc>Waits until the element ``locator`` appears on the current page.</doc>
<status status="PASS" starttime="20211214 22:16:41.489" endtime="20211214 22:16:43.711"/>
</kw>
<kw name="Click Element" library="SeleniumLibrary">
<arg>//*[@id="/account/api-token"]</arg>
<doc>Click the element identified by ``locator``.</doc>
<msg timestamp="20211214 22:16:43.712" level="INFO">Clicking element '//*[@id="/account/api-token"]'.</msg>
<status status="PASS" starttime="20211214 22:16:43.712" endtime="20211214 22:16:43.782"/>
</kw>
<status status="PASS" starttime="20211214 22:16:38.487" endtime="20211214 22:16:43.782"/>
</kw>
<kw name="CheckBox" library="common">
<kw name="Sleep" library="BuiltIn">
<arg>3</arg>
<doc>Pauses the test executed for the given time.</doc>
<msg timestamp="20211214 22:16:46.783" level="INFO">Slept 3 seconds</msg>
<status status="PASS" starttime="20211214 22:16:43.783" endtime="20211214 22:16:46.783"/>
</kw>
<kw name="Wait Until Page Does Not Contain Element" library="SeleniumLibrary">
<arg>dt_core_header_acc-info-preloader</arg>
<arg>60</arg>
<doc>Waits until the element ``locator`` disappears from the current page.</doc>
<status status="PASS" starttime="20211214 22:16:46.784" endtime="20211214 22:16:46.800"/>
</kw>
<kw name="Wait Until Page Contains Element" library="SeleniumLibrary">
<arg>//*[@id="app_contents"]</arg>
<doc>Waits until the element ``locator`` appears on the current page.</doc>
<status status="PASS" starttime="20211214 22:16:46.800" endtime="20211214 22:16:46.815"/>
</kw>
<kw name="Click Element" library="SeleniumLibrary">
<arg>//*[@id="app_contents"]/div/div/div/div/div[2]/div/div[2]/div/section/div/div/form/div/div[1]/div[2]/div/div/div/div[1]/label/span[1]</arg>
<doc>Click the element identified by ``locator``.</doc>
<msg timestamp="20211214 22:16:46.816" level="INFO">Clicking element '//*[@id="app_contents"]/div/div/div/div/div[2]/div/div[2]/div/section/div/div/form/div/div[1]/div[2]/div/div/div/div[1]/label/span[1]'.</msg>
<status status="PASS" starttime="20211214 22:16:46.815" endtime="20211214 22:16:46.893"/>
</kw>
<kw name="Wait Until Page Contains Element" library="SeleniumLibrary">
<arg>//*[@id="app_contents"]</arg>
<doc>Waits until the element ``locator`` appears on the current page.</doc>
<status status="PASS" starttime="20211214 22:16:46.893" endtime="20211214 22:16:46.915"/>
</kw>
<kw name="Click Element" library="SeleniumLibrary">
<arg>//*[@id="app_contents"]/div/div/div/div/div[2]/div/div[2]/div/section/div/div/form/div/div[1]/div[2]/div/div/div/div[2]/label/span[1]</arg>
<doc>Click the element identified by ``locator``.</doc>
<msg timestamp="20211214 22:16:46.915" level="INFO">Clicking element '//*[@id="app_contents"]/div/div/div/div/div[2]/div/div[2]/div/section/div/div/form/div/div[1]/div[2]/div/div/div/div[2]/label/span[1]'.</msg>
<status status="PASS" starttime="20211214 22:16:46.915" endtime="20211214 22:16:46.971"/>
</kw>
<kw name="Wait Until Page Contains Element" library="SeleniumLibrary">
<arg>//*[@id="app_contents"]</arg>
<doc>Waits until the element ``locator`` appears on the current page.</doc>
<status status="PASS" starttime="20211214 22:16:46.971" endtime="20211214 22:16:46.977"/>
</kw>
<kw name="Click Element" library="SeleniumLibrary">
<arg>//*[@id="app_contents"]/div/div/div/div/div[2]/div/div[2]/div/section/div/div/form/div/div[1]/div[2]/div/div/div/div[3]/label/span[1]</arg>
<doc>Click the element identified by ``locator``.</doc>
<msg timestamp="20211214 22:16:46.977" level="INFO">Clicking element '//*[@id="app_contents"]/div/div/div/div/div[2]/div/div[2]/div/section/div/div/form/div/div[1]/div[2]/div/div/div/div[3]/label/span[1]'.</msg>
<status status="PASS" starttime="20211214 22:16:46.977" endtime="20211214 22:16:47.027"/>
</kw>
<kw name="Wait Until Page Contains Element" library="SeleniumLibrary">
<arg>//*[@id="app_contents"]</arg>
<doc>Waits until the element ``locator`` appears on the current page.</doc>
<status status="PASS" starttime="20211214 22:16:47.027" endtime="20211214 22:16:47.037"/>
</kw>
<kw name="Click Element" library="SeleniumLibrary">
<arg>//*[@id="app_contents"]/div/div/div/div/div[2]/div/div[2]/div/section/div/div/form/div/div[1]/div[2]/div/div/div/div[4]/label/span[1]</arg>
<doc>Click the element identified by ``locator``.</doc>
<msg timestamp="20211214 22:16:47.037" level="INFO">Clicking element '//*[@id="app_contents"]/div/div/div/div/div[2]/div/div[2]/div/section/div/div/form/div/div[1]/div[2]/div/div/div/div[4]/label/span[1]'.</msg>
<status status="PASS" starttime="20211214 22:16:47.037" endtime="20211214 22:16:47.079"/>
</kw>
<kw name="Wait Until Page Contains Element" library="SeleniumLibrary">
<arg>//*[@id="app_contents"]</arg>
<doc>Waits until the element ``locator`` appears on the current page.</doc>
<status status="PASS" starttime="20211214 22:16:47.079" endtime="20211214 22:16:47.088"/>
</kw>
<kw name="Click Element" library="SeleniumLibrary">
<arg>//*[@id="app_contents"]/div/div/div/div/div[2]/div/div[2]/div/section/div/div/form/div/div[1]/div[2]/div/div/div/div[5]/label/span[1]</arg>
<doc>Click the element identified by ``locator``.</doc>
<msg timestamp="20211214 22:16:47.088" level="INFO">Clicking element '//*[@id="app_contents"]/div/div/div/div/div[2]/div/div[2]/div/section/div/div/form/div/div[1]/div[2]/div/div/div/div[5]/label/span[1]'.</msg>
<status status="PASS" starttime="20211214 22:16:47.088" endtime="20211214 22:16:47.130"/>
</kw>
<status status="PASS" starttime="20211214 22:16:43.783" endtime="20211214 22:16:47.130"/>
</kw>
<kw name="TokenName" library="common">
<kw name="Sleep" library="BuiltIn">
<arg>2</arg>
<doc>Pauses the test executed for the given time.</doc>
<msg timestamp="20211214 22:16:49.131" level="INFO">Slept 2 seconds</msg>
<status status="PASS" starttime="20211214 22:16:47.131" endtime="20211214 22:16:49.131"/>
</kw>
<kw name="Wait Until Page Does Not Contain Element" library="SeleniumLibrary">
<arg>dt_core_header_acc-info-preloader</arg>
<arg>60</arg>
<doc>Waits until the element ``locator`` disappears from the current page.</doc>
<status status="PASS" starttime="20211214 22:16:49.132" endtime="20211214 22:16:49.144"/>
</kw>
<kw name="Wait Until Page Contains Element" library="SeleniumLibrary">
<arg>//*[@class="dc-input__field"]</arg>
<doc>Waits until the element ``locator`` appears on the current page.</doc>
<status status="PASS" starttime="20211214 22:16:49.144" endtime="20211214 22:16:49.163"/>
</kw>
<kw name="Input Text" library="SeleniumLibrary">
<arg>//*[@class="dc-input__field"]</arg>
<arg>t</arg>
<doc>Types the given ``text`` into the text field identified by ``locator``.</doc>
<msg timestamp="20211214 22:16:49.163" level="INFO">Typing text 't' into text field '//*[@class="dc-input__field"]'.</msg>
<status status="PASS" starttime="20211214 22:16:49.163" endtime="20211214 22:16:49.269"/>
</kw>
<kw name="Sleep" library="BuiltIn">
<arg>2</arg>
<doc>Pauses the test executed for the given time.</doc>
<msg timestamp="20211214 22:16:51.270" level="INFO">Slept 2 seconds</msg>
<status status="PASS" starttime="20211214 22:16:49.270" endtime="20211214 22:16:51.271"/>
</kw>
<kw name="Press Keys" library="SeleniumLibrary">
<arg>//*[@class="dc-input__field"]</arg>
<arg>CTRL+A</arg>
<arg>DELETE</arg>
<doc>Simulates the user pressing key(s) to an element or on the active browser.</doc>
<msg timestamp="20211214 22:16:51.272" level="INFO">Sending key(s) ('CTRL+A', 'DELETE') to //*[@class="dc-input__field"] element.</msg>
<msg timestamp="20211214 22:16:51.558" level="INFO">Pressing special key CONTROL down.</msg>
<msg timestamp="20211214 22:16:51.558" level="INFO">Sending key A</msg>
<msg timestamp="20211214 22:16:51.558" level="INFO">Releasing special key CONTROL.</msg>
<msg timestamp="20211214 22:16:51.569" level="INFO">Pressing special key DELETE to element.</msg>
<msg timestamp="20211214 22:16:51.569" level="INFO">Releasing special key DELETE.</msg>
<status status="PASS" starttime="20211214 22:16:51.271" endtime="20211214 22:16:51.592"/>
</kw>
<kw name="Input Text" library="SeleniumLibrary">
<arg>//*[@class="dc-input__field"]</arg>
<arg>abcdefghijklmnoppqrstuvwxyz123456789101123</arg>
<doc>Types the given ``text`` into the text field identified by ``locator``.</doc>
<msg timestamp="20211214 22:16:51.593" level="INFO">Typing text 'abcdefghijklmnoppqrstuvwxyz123456789101123' into text field '//*[@class="dc-input__field"]'.</msg>
<status status="PASS" starttime="20211214 22:16:51.593" endtime="20211214 22:16:51.992"/>
</kw>
<kw name="Sleep" library="BuiltIn">
<arg>2</arg>
<doc>Pauses the test executed for the given time.</doc>
<msg timestamp="20211214 22:16:53.993" level="INFO">Slept 2 seconds</msg>
<status status="PASS" starttime="20211214 22:16:51.993" endtime="20211214 22:16:53.994"/>
</kw>
<kw name="Press Keys" library="SeleniumLibrary">
<arg>//*[@class="dc-input__field"]</arg>
<arg>CTRL+A</arg>
<arg>DELETE</arg>
<doc>Simulates the user pressing key(s) to an element or on the active browser.</doc>
<msg timestamp="20211214 22:16:53.995" level="INFO">Sending key(s) ('CTRL+A', 'DELETE') to //*[@class="dc-input__field"] element.</msg>
<msg timestamp="20211214 22:16:54.276" level="INFO">Pressing special key CONTROL down.</msg>
<msg timestamp="20211214 22:16:54.276" level="INFO">Sending key A</msg>
<msg timestamp="20211214 22:16:54.276" level="INFO">Releasing special key CONTROL.</msg>
<msg timestamp="20211214 22:16:54.283" level="INFO">Pressing special key DELETE to element.</msg>
<msg timestamp="20211214 22:16:54.283" level="INFO">Releasing special key DELETE.</msg>
<status status="PASS" starttime="20211214 22:16:53.994" endtime="20211214 22:16:54.311"/>
</kw>
<kw name="Input Text" library="SeleniumLibrary">
<arg>//*[@class="dc-input__field"]</arg>
<arg>test</arg>
<doc>Types the given ``text`` into the text field identified by ``locator``.</doc>
<msg timestamp="20211214 22:16:54.311" level="INFO">Typing text 'test' into text field '//*[@class="dc-input__field"]'.</msg>
<status status="PASS" starttime="20211214 22:16:54.311" endtime="20211214 22:16:54.378"/>
</kw>
<kw name="Click Element" library="SeleniumLibrary">
<arg>//*[@class="dc-btn dc-btn__effect dc-btn--primary dc-btn__large da-api-token__button"]</arg>
<doc>Click the element identified by ``locator``.</doc>
<msg timestamp="20211214 22:16:54.379" level="INFO">Clicking element '//*[@class="dc-btn dc-btn__effect dc-btn--primary dc-btn__large da-api-token__button"]'.</msg>
<status status="PASS" starttime="20211214 22:16:54.378" endtime="20211214 22:16:54.457"/>
</kw>
<status status="PASS" starttime="20211214 22:16:47.130" endtime="20211214 22:16:54.458"/>
</kw>
<kw name="CopyToken" library="common">
<kw name="Wait Until Page Does Not Contain Element" library="SeleniumLibrary">
<arg>dt_core_header_acc-info-preloader</arg>
<arg>60</arg>
<doc>Waits until the element ``locator`` disappears from the current page.</doc>
<status status="PASS" starttime="20211214 22:16:54.458" endtime="20211214 22:16:54.466"/>
</kw>
<kw name="Wait Until Page Contains Element" library="SeleniumLibrary">
<arg>//*[@class="dc-icon dc-clipboard da-api-token__clipboard"]</arg>
<doc>Waits until the element ``locator`` appears on the current page.</doc>
<status status="PASS" starttime="20211214 22:16:54.466" endtime="20211214 22:16:54.477"/>
</kw>
<kw name="Click Element" library="SeleniumLibrary">
<arg>//*[@class="dc-icon dc-clipboard da-api-token__clipboard"]</arg>
<doc>Click the element identified by ``locator``.</doc>
<msg timestamp="20211214 22:16:54.477" level="INFO">Clicking element '//*[@class="dc-icon dc-clipboard da-api-token__clipboard"]'.</msg>
<status status="PASS" starttime="20211214 22:16:54.477" endtime="20211214 22:16:54.529"/>
</kw>
<status status="PASS" starttime="20211214 22:16:54.458" endtime="20211214 22:16:54.529"/>
</kw>
<kw name="DeleteToken" library="common">
<kw name="Wait Until Page Does Not Contain Element" library="SeleniumLibrary">
<arg>dt_core_header_acc-info-preloader</arg>
<arg>60</arg>
<doc>Waits until the element ``locator`` disappears from the current page.</doc>
<status status="PASS" starttime="20211214 22:16:54.529" endtime="20211214 22:16:54.552"/>
</kw>
<kw name="Click Element" library="SeleniumLibrary">
<arg>//*[@class="dc-btn dc-btn--secondary dc-btn__small"]</arg>
<doc>Click the element identified by ``locator``.</doc>
<msg timestamp="20211214 22:16:54.553" level="INFO">Clicking element '//*[@class="dc-btn dc-btn--secondary dc-btn__small"]'.</msg>
<status status="PASS" starttime="20211214 22:16:54.552" endtime="20211214 22:16:54.603"/>
</kw>
<kw name="Sleep" library="BuiltIn">
<arg>3</arg>
<doc>Pauses the test executed for the given time.</doc>
<msg timestamp="20211214 22:16:57.604" level="INFO">Slept 3 seconds</msg>
<status status="PASS" starttime="20211214 22:16:54.603" endtime="20211214 22:16:57.604"/>
</kw>
<kw name="Click Element" library="SeleniumLibrary">
<arg>//*[@class="dc-btn__group"]</arg>
<doc>Click the element identified by ``locator``.</doc>
<msg timestamp="20211214 22:16:57.605" level="INFO">Clicking element '//*[@class="dc-btn__group"]'.</msg>
<status status="PASS" starttime="20211214 22:16:57.604" endtime="20211214 22:16:57.667"/>
</kw>
<kw name="Click Element" library="SeleniumLibrary">
<arg>//*[@id="app_contents"]/div/div/div/div/div[2]/div/div[2]/div/section/div/div/form/div/div[3]/div[2]/div/div/table/tbody/tr[1]/td[5]/div/button[2]</arg>
<doc>Click the element identified by ``locator``.</doc>
<msg timestamp="20211214 22:16:57.668" level="INFO">Clicking element '//*[@id="app_contents"]/div/div/div/div/div[2]/div/div[2]/div/section/div/div/form/div/div[3]/div[2]/div/div/table/tbody/tr[1]/td[5]/div/button[2]'.</msg>
<status status="PASS" starttime="20211214 22:16:57.668" endtime="20211214 22:16:57.696"/>
</kw>
<status status="PASS" starttime="20211214 22:16:54.529" endtime="20211214 22:16:57.697"/>
</kw>
<kw name="DisableCreateButton" library="common">
<kw name="Sleep" library="BuiltIn">
<arg>2</arg>
<doc>Pauses the test executed for the given time.</doc>
<msg timestamp="20211214 22:16:59.697" level="INFO">Slept 2 seconds</msg>
<status status="PASS" starttime="20211214 22:16:57.697" endtime="20211214 22:16:59.697"/>
</kw>
<kw name="Wait Until Page Does Not Contain Element" library="SeleniumLibrary">
<arg>dt_core_header_acc-info-preloader</arg>
<arg>60</arg>
<doc>Waits until the element ``locator`` disappears from the current page.</doc>
<status status="PASS" starttime="20211214 22:16:59.698" endtime="20211214 22:16:59.716"/>
</kw>
<kw name="Wait Until Page Contains Element" library="SeleniumLibrary">
<arg>//*[@class="dc-input__field"]</arg>
<doc>Waits until the element ``locator`` appears on the current page.</doc>
<status status="PASS" starttime="20211214 22:16:59.716" endtime="20211214 22:16:59.728"/>
</kw>
<kw name="Input Text" library="SeleniumLibrary">
<arg>//*[@class="dc-input__field"]</arg>
<arg>test</arg>
<doc>Types the given ``text`` into the text field identified by ``locator``.</doc>
<msg timestamp="20211214 22:16:59.728" level="INFO">Typing text 'test' into text field '//*[@class="dc-input__field"]'.</msg>
<status status="PASS" starttime="20211214 22:16:59.728" endtime="20211214 22:16:59.864"/>
</kw>
<kw name="Click Element" library="SeleniumLibrary">
<arg>//*[@class="dc-btn dc-btn__effect dc-btn--primary dc-btn__large da-api-token__button"]</arg>
<doc>Click the element identified by ``locator``.</doc>
<msg timestamp="20211214 22:16:59.864" level="INFO">Clicking element '//*[@class="dc-btn dc-btn__effect dc-btn--primary dc-btn__large da-api-token__button"]'.</msg>
<status status="PASS" starttime="20211214 22:16:59.864" endtime="20211214 22:16:59.889"/>
</kw>
<status status="PASS" starttime="20211214 22:16:57.697" endtime="20211214 22:16:59.889"/>
</kw>
<status status="PASS" starttime="20211214 22:14:18.091" endtime="20211214 22:16:59.890"/>
</test>
<status status="PASS" starttime="20211214 22:14:18.009" endtime="20211214 22:16:59.890"/>
</suite>
<statistics>
<total>
<stat pass="1" fail="0" skip="0">All Tests</stat>
</total>
<tag>
</tag>
<suite>
<stat pass="1" fail="0" skip="0" id="s1" name="Tokenautomation">Tokenautomation</stat>
</suite>
</statistics>
<errors>
</errors>
</robot>
